<?xml version="1.0" encoding="UTF-8"?>
<!-- Generated by org.testng.reporters.JUnitReportReporter -->
<testsuite hostname="DESKTOP-P8J02CA" failures="1" tests="4" name="ScreenShotForDeleteBenificiary.AddBenificiaryForScreenShot" time="9.104" errors="0" timestamp="2022-08-19T17:24:16 IST" skipped="3">
  <testcase classname="ScreenShotForDeleteBenificiary.AddBenificiaryForScreenShot" name="addbnfry" time="3.523">
    <skipped/>
  </testcase> <!-- addbnfry -->
  <system-out/>
  <testcase classname="ScreenShotForDeleteBenificiary.AddBenificiaryForScreenShot" name="addbnfry" time="1.716">
    <failure message="null" type="java.lang.AssertionError">
      <![CDATA[java.lang.AssertionError: null
at org.testng.Assert.fail(Assert.java:99)
at org.testng.Assert.fail(Assert.java:106)
at ScreenShotForDeleteBenificiary.AddBenificiaryForScreenShot.addbnfry(AddBenificiaryForScreenShot.java:45)
at java.base/jdk.internal.reflect.DirectMethodHandleAccessor.invoke(DirectMethodHandleAccessor.java:104)
at java.base/java.lang.reflect.Method.invoke(Method.java:577)
at org.testng.internal.MethodInvocationHelper.invokeMethod(MethodInvocationHelper.java:133)
at org.testng.internal.TestInvoker.invokeMethod(TestInvoker.java:598)
at org.testng.internal.TestInvoker.retryFailed(TestInvoker.java:213)
at org.testng.internal.MethodRunner.runInSequence(MethodRunner.java:58)
at org.testng.internal.TestInvoker$MethodInvocationAgent.invoke(TestInvoker.java:824)
at org.testng.internal.TestInvoker.invokeTestMethods(TestInvoker.java:146)
at org.testng.internal.TestMethodWorker.invokeTestMethods(TestMethodWorker.java:146)
at org.testng.internal.TestMethodWorker.run(TestMethodWorker.java:128)
at java.base/java.util.ArrayList.forEach(ArrayList.java:1511)
at org.testng.TestRunner.privateRun(TestRunner.java:794)
at org.testng.TestRunner.run(TestRunner.java:596)
at org.testng.SuiteRunner.runTest(SuiteRunner.java:377)
at org.testng.SuiteRunner.runSequentially(SuiteRunner.java:371)
at org.testng.SuiteRunner.privateRun(SuiteRunner.java:332)
at org.testng.SuiteRunner.run(SuiteRunner.java:276)
at org.testng.SuiteRunnerWorker.runSuite(SuiteRunnerWorker.java:53)
at org.testng.SuiteRunnerWorker.run(SuiteRunnerWorker.java:96)
at org.testng.TestNG.runSuitesSequentially(TestNG.java:1212)
at org.testng.TestNG.runSuitesLocally(TestNG.java:1134)
at org.testng.TestNG.runSuites(TestNG.java:1063)
at org.testng.TestNG.run(TestNG.java:1031)
at org.testng.remote.AbstractRemoteTestNG.run(AbstractRemoteTestNG.java:115)
at org.testng.remote.RemoteTestNG.initAndRun(RemoteTestNG.java:251)
at org.testng.remote.RemoteTestNG.main(RemoteTestNG.java:77)
]]>
    </failure>
  </testcase> <!-- addbnfry -->
  <system-out/>
  <testcase classname="ScreenShotForDeleteBenificiary.AddBenificiaryForScreenShot" name="addbnfry" time="2.215">
    <skipped/>
  </testcase> <!-- addbnfry -->
  <system-out/>
  <testcase classname="ScreenShotForDeleteBenificiary.AddBenificiaryForScreenShot" name="addbnfry" time="1.650">
    <skipped/>
  </testcase> <!-- addbnfry -->
  <system-out/>
</testsuite> <!-- ScreenShotForDeleteBenificiary.AddBenificiaryForScreenShot -->
