<?xml version="1.0" encoding="UTF-8"?>
<!-- Generated by org.testng.reporters.JUnitReportReporter -->
<testsuite hostname="LAPTOP-MHBSPLVF" failures="0" tests="1" name="BBL_UsingTestNG.LoginWithNewpwdDeleteTheBnfryTest" time="8.238" errors="0" timestamp="2022-08-25T15:42:51 IST" skipped="0">
  <testcase classname="BBL_UsingTestNG.LoginWithNewpwdDeleteTheBnfryTest" name="addbnfry" time="8.238"/>
  <system-out/>
</testsuite> <!-- BBL_UsingTestNG.LoginWithNewpwdDeleteTheBnfryTest -->
