<?xml version="1.0" encoding="UTF-8"?>
<!-- Generated by org.testng.reporters.JUnitReportReporter -->
<testsuite hostname="LAPTOP-MHBSPLVF" failures="0" tests="1" name="BBL_UsingTestNG.AddBnfryWithValidDetailsTest" time="9.559" errors="0" timestamp="2022-08-25T15:41:13 IST" skipped="0">
  <testcase classname="BBL_UsingTestNG.AddBnfryWithValidDetailsTest" name="addbnfry" time="9.559"/>
  <system-out/>
</testsuite> <!-- BBL_UsingTestNG.AddBnfryWithValidDetailsTest -->
