<?xml version="1.0" encoding="UTF-8"?>
<!-- Generated by org.testng.reporters.JUnitReportReporter -->
<testsuite hostname="DESKTOP-P8J02CA" failures="0" tests="1" name="BBL_UsingTestNG.LoginWithNewpwdDeleteTheBnfryTest" time="8.446" errors="0" timestamp="2022-08-23T15:04:33 IST" skipped="0">
  <testcase classname="BBL_UsingTestNG.LoginWithNewpwdDeleteTheBnfryTest" name="addbnfry" time="8.446"/>
  <system-out/>
</testsuite> <!-- BBL_UsingTestNG.LoginWithNewpwdDeleteTheBnfryTest -->
