<?xml version="1.0" encoding="UTF-8"?>
<!-- Generated by org.testng.reporters.JUnitReportReporter -->
<testsuite hostname="LAPTOP-MHBSPLVF" failures="0" tests="1" name="BBL_UsingTestNG.CreatingBnfryWithInvalidIFSCDetailsTest" time="8.762" errors="0" timestamp="2022-08-25T15:42:00 IST" skipped="0">
  <testcase classname="BBL_UsingTestNG.CreatingBnfryWithInvalidIFSCDetailsTest" name="addbnfry" time="8.762"/>
  <system-out/>
</testsuite> <!-- BBL_UsingTestNG.CreatingBnfryWithInvalidIFSCDetailsTest -->
