<?xml version="1.0" encoding="UTF-8"?>
<!-- Generated by org.testng.reporters.JUnitReportReporter -->
<testsuite hostname="DESKTOP-P8J02CA" failures="0" tests="1" name="BBL_UsingTestNG.AddBnfryWithValidDetailsTest" time="8.749" errors="0" timestamp="2022-08-23T15:03:40 IST" skipped="0">
  <testcase classname="BBL_UsingTestNG.AddBnfryWithValidDetailsTest" name="addbnfry" time="8.749"/>
  <system-out/>
</testsuite> <!-- BBL_UsingTestNG.AddBnfryWithValidDetailsTest -->
