<?xml version="1.0" encoding="UTF-8"?>
<!-- Generated by org.testng.reporters.JUnitReportReporter -->
<testsuite hostname="DESKTOP-P8J02CA" failures="0" tests="1" name="BBL_UsingTestNG.AddBnfryWithValidDetails" time="13.602" errors="0" timestamp="2022-08-19T13:20:20 IST" skipped="0">
  <testcase classname="BBL_UsingTestNG.AddBnfryWithValidDetails" name="addbnfry" time="13.602"/>
  <system-out/>
</testsuite> <!-- BBL_UsingTestNG.AddBnfryWithValidDetails -->
